[2022-11-03 10:46:10,605][__main__][INFO] - Performing setup
[2022-11-03 10:46:11,908][__main__][INFO] - Loading Dataset
[2022-11-03 10:51:47,425][__main__][INFO] - Performing setup
[2022-11-03 10:52:47,997][__main__][INFO] - Performing setup
[2022-11-03 10:53:02,165][__main__][INFO] - Performing setup
[2022-11-03 10:53:42,138][__main__][INFO] - Performing setup
[2022-11-03 10:54:56,549][__main__][INFO] - Performing setup
[2022-11-03 10:54:57,406][__main__][ERROR] - torch.Size([1, 256, 256])
[2022-11-03 10:55:22,365][__main__][INFO] - Performing setup
[2022-11-03 10:55:23,191][__main__][ERROR] - torch.Size([1, 1, 256, 256])
[2022-11-03 11:01:19,037][__main__][INFO] - Performing setup
[2022-11-03 11:01:28,745][__main__][INFO] - Performing setup
[2022-11-03 11:01:29,573][__main__][ERROR] - torch.Size([1, 1, 256, 256])
[2022-11-03 11:02:42,325][__main__][INFO] - Performing setup
[2022-11-03 11:02:43,148][__main__][ERROR] - torch.Size([1, 1, 256, 256])
[2022-11-03 11:02:56,993][__main__][INFO] - Performing setup
[2022-11-03 11:02:57,815][__main__][INFO] - Loading Dataset
[2022-11-03 11:02:57,821][__main__][INFO] - Starting training
[2022-11-03 11:04:05,281][__main__][INFO] - Performing setup
[2022-11-03 11:04:27,453][__main__][INFO] - Performing setup
[2022-11-03 11:04:28,310][__main__][ERROR] - (630, 630)
[2022-11-03 11:04:28,314][__main__][ERROR] - torch.Size([1, 1, 256, 256])
[2022-11-03 11:08:04,469][__main__][INFO] - Performing setup
[2022-11-03 11:08:05,346][__main__][ERROR] - (630, 630)
[2022-11-03 11:09:18,237][__main__][INFO] - Performing setup
[2022-11-03 11:09:19,114][__main__][ERROR] - (630, 630)
[2022-11-03 11:09:19,118][__main__][ERROR] - torch.Size([1, 1, 256, 256])
[2022-11-03 11:09:45,253][__main__][INFO] - Performing setup
[2022-11-03 11:09:47,561][__main__][CRITICAL] - Image data/healthy_brain.jpeg is classified as: Normal
[2022-11-03 11:09:56,013][__main__][INFO] - Performing setup
[2022-11-03 11:09:58,267][__main__][CRITICAL] - Image data/healthy_brain.jpeg is classified as: Normal
[2022-11-03 11:10:13,683][__main__][INFO] - Performing setup
[2022-11-03 11:10:14,518][__main__][INFO] - Loading Dataset
[2022-11-03 11:10:14,524][__main__][INFO] - Starting training
[2022-11-03 11:11:39,465][__main__][INFO] - Performing setup
[2022-11-03 11:11:40,333][__main__][INFO] - Loading Dataset
[2022-11-03 11:11:40,342][__main__][INFO] - Starting training
[2022-11-03 11:12:51,143][__main__][INFO] - Performing setup
[2022-11-03 11:12:53,419][__main__][CRITICAL] - Image data/healthy_brain.jpeg is classified as: Normal
[2022-11-03 11:13:22,657][__main__][INFO] - Performing setup
[2022-11-03 11:13:24,935][__main__][CRITICAL] - Image data/healthy_brain.jpeg is classified as: Normal
[2022-11-03 11:13:50,841][__main__][INFO] - Performing setup
[2022-11-03 11:13:51,657][__main__][INFO] - Loading Dataset
[2022-11-03 11:13:51,664][__main__][INFO] - Starting training
[2022-11-03 11:14:41,370][__main__][INFO] - Performing setup
[2022-11-03 11:14:42,213][__main__][INFO] - Loading Dataset
[2022-11-03 11:14:42,220][__main__][INFO] - Starting training
[2022-11-03 11:15:22,398][__main__][INFO] - Performing setup
[2022-11-03 11:15:25,338][__main__][CRITICAL] - Image data/healthy_brain.jpeg is classified as: Tumor
[2022-11-03 11:15:43,605][__main__][INFO] - Performing setup
[2022-11-03 11:15:54,734][__main__][INFO] - Performing setup
[2022-11-03 11:16:03,589][__main__][INFO] - Performing setup
[2022-11-03 11:16:12,888][__main__][INFO] - Performing setup
[2022-11-03 11:16:20,189][__main__][INFO] - Performing setup
[2022-11-03 11:16:59,625][__main__][INFO] - Performing setup
[2022-11-03 11:17:45,029][__main__][INFO] - Performing setup
[2022-11-03 11:17:47,372][__main__][CRITICAL] - Image data/healthy_brain.jpeg is classified as: Tumor
